<?xml version="1.0" encoding="UTF-8"?>
<testng-results ignored="0" total="1" passed="1" failed="0" skipped="0">
  <reporter-output>
  </reporter-output>
  <suite started-at="2023-12-19T19:48:33 IST" name="Default suite" finished-at="2023-12-19T19:48:37 IST" duration-ms="3767">
    <groups>
    </groups>
    <test started-at="2023-12-19T19:48:33 IST" name="Default test" finished-at="2023-12-19T19:48:37 IST" duration-ms="3767">
      <class name="practiceproject.phase3.PostMethod">
        <test-method is-config="true" signature="createPayLoad()[pri:0, instance:practiceproject.phase3.PostMethod@359f7cdf]" started-at="2023-12-19T19:48:33 IST" name="createPayLoad" finished-at="2023-12-19T19:48:34 IST" duration-ms="551" status="PASS">
          <reporter-output>
          </reporter-output>
        </test-method> <!-- createPayLoad -->
        <test-method signature="createResource()[pri:0, instance:practiceproject.phase3.PostMethod@359f7cdf]" started-at="2023-12-19T19:48:34 IST" name="createResource" finished-at="2023-12-19T19:48:37 IST" duration-ms="3132" status="PASS">
          <reporter-output>
          </reporter-output>
        </test-method> <!-- createResource -->
      </class> <!-- practiceproject.phase3.PostMethod -->
    </test> <!-- Default test -->
  </suite> <!-- Default suite -->
</testng-results>
