<?xml version="1.0" encoding="UTF-8"?>
<testng-results ignored="0" total="1" passed="1" failed="0" skipped="0">
  <reporter-output>
  </reporter-output>
  <suite started-at="2023-12-20T06:15:03 IST" name="Default suite" finished-at="2023-12-20T06:15:12 IST" duration-ms="8612">
    <groups>
    </groups>
    <test started-at="2023-12-20T06:15:03 IST" name="Default test" finished-at="2023-12-20T06:15:12 IST" duration-ms="8612">
      <class name="phase3.endproject.Assignment006Demo">
        <test-method signature="assignment006Logout()[pri:0, instance:phase3.endproject.Assignment006Demo@74e52303]" started-at="2023-12-20T06:15:03 IST" name="assignment006Logout" finished-at="2023-12-20T06:15:12 IST" duration-ms="8545" status="PASS">
          <reporter-output>
          </reporter-output>
        </test-method> <!-- assignment006Logout -->
      </class> <!-- phase3.endproject.Assignment006Demo -->
    </test> <!-- Default test -->
  </suite> <!-- Default suite -->
</testng-results>
